{"/Users/elvin/Code/img-diff-rect/src/index.ts": {"path":"/Users/elvin/Code/img-diff-rect/src/index.ts","statementMap":{"0":{"start":{"line":1,"column":0},"end":{"line":1,"column":38}},"1":{"start":{"line":2,"column":0},"end":{"line":2,"column":45}},"2":{"start":{"line":16,"column":13},"end":{"line":44,"column":1}},"3":{"start":{"line":17,"column":55},"end":{"line":17,"column":61}},"4":{"start":{"line":18,"column":2},"end":{"line":20,"column":null}},"5":{"start":{"line":19,"column":4},"end":{"line":19,"column":53}},"6":{"start":{"line":22,"column":2},"end":{"line":24,"column":null}},"7":{"start":{"line":23,"column":4},"end":{"line":23,"column":55}},"8":{"start":{"line":26,"column":24},"end":{"line":26,"column":61}},"9":{"start":{"line":28,"column":2},"end":{"line":30,"column":null}},"10":{"start":{"line":29,"column":4},"end":{"line":29,"column":34}},"11":{"start":{"line":32,"column":26},"end":{"line":32,"column":62}},"12":{"start":{"line":33,"column":28},"end":{"line":33,"column":66}},"13":{"start":{"line":34,"column":2},"end":{"line":37,"column":5}},"14":{"start":{"line":39,"column":2},"end":{"line":43,"column":4}},"15":{"start":{"line":46,"column":0},"end":{"line":46,"column":20}}},"fnMap":{"0":{"name":"(anonymous_0)","decl":{"start":{"line":16,"column":13},"end":{"line":16,"column":18}},"loc":{"start":{"line":16,"column":67},"end":{"line":44,"column":1}}}},"branchMap":{"0":{"loc":{"start":{"line":17,"column":46},"end":{"line":17,"column":50}},"type":"default-arg","locations":[{"start":{"line":17,"column":46},"end":{"line":17,"column":50}}]},"1":{"loc":{"start":{"line":18,"column":2},"end":{"line":20,"column":null}},"type":"if","locations":[{"start":{"line":18,"column":2},"end":{"line":20,"column":null}},{"start":{"line":18,"column":2},"end":{"line":20,"column":null}}]},"2":{"loc":{"start":{"line":22,"column":2},"end":{"line":24,"column":null}},"type":"if","locations":[{"start":{"line":22,"column":2},"end":{"line":24,"column":null}},{"start":{"line":22,"column":2},"end":{"line":24,"column":null}}]},"3":{"loc":{"start":{"line":28,"column":2},"end":{"line":30,"column":null}},"type":"if","locations":[{"start":{"line":28,"column":2},"end":{"line":30,"column":null}},{"start":{"line":28,"column":2},"end":{"line":30,"column":null}}]}},"s":{"0":1,"1":1,"2":1,"3":2,"4":2,"5":0,"6":2,"7":0,"8":2,"9":2,"10":1,"11":1,"12":1,"13":1,"14":1,"15":1},"f":{"0":2},"b":{"0":[1],"1":[0,2],"2":[0,2],"3":[1,1]}}
,"/Users/elvin/Code/img-diff-rect/src/util.ts": {"path":"/Users/elvin/Code/img-diff-rect/src/util.ts","statementMap":{"0":{"start":{"line":1,"column":0},"end":{"line":1,"column":31}},"1":{"start":{"line":2,"column":0},"end":{"line":2,"column":29}},"2":{"start":{"line":3,"column":0},"end":{"line":3,"column":49}},"3":{"start":{"line":4,"column":0},"end":{"line":4,"column":45}},"4":{"start":{"line":5,"column":0},"end":{"line":5,"column":45}},"5":{"start":{"line":10,"column":18},"end":{"line":19,"column":1}},"6":{"start":{"line":11,"column":2},"end":{"line":18,"column":5}},"7":{"start":{"line":12,"column":4},"end":{"line":17,"column":7}},"8":{"start":{"line":13,"column":6},"end":{"line":15,"column":null}},"9":{"start":{"line":14,"column":8},"end":{"line":14,"column":27}},"10":{"start":{"line":16,"column":6},"end":{"line":16,"column":44}},"11":{"start":{"line":64,"column":9},"end":{"line":64,"column":18}},"12":{"start":{"line":21,"column":16},"end":{"line":36,"column":1}},"13":{"start":{"line":22,"column":27},"end":{"line":22,"column":88}},"14":{"start":{"line":23,"column":21},"end":{"line":23,"column":53}},"15":{"start":{"line":25,"column":25},"end":{"line":27,"column":4}},"16":{"start":{"line":26,"column":4},"end":{"line":26,"column":60}},"17":{"start":{"line":26,"column":39},"end":{"line":26,"column":58}},"18":{"start":{"line":29,"column":27},"end":{"line":29,"column":90}},"19":{"start":{"line":29,"column":73},"end":{"line":29,"column":89}},"20":{"start":{"line":31,"column":2},"end":{"line":33,"column":null}},"21":{"start":{"line":32,"column":4},"end":{"line":32,"column":16}},"22":{"start":{"line":35,"column":2},"end":{"line":35,"column":20}},"23":{"start":{"line":64,"column":20},"end":{"line":64,"column":27}},"24":{"start":{"line":38,"column":19},"end":{"line":62,"column":1}},"25":{"start":{"line":39,"column":16},"end":{"line":39,"column":43}},"26":{"start":{"line":40,"column":17},"end":{"line":40,"column":56}},"27":{"start":{"line":41,"column":18},"end":{"line":41,"column":41}},"28":{"start":{"line":42,"column":2},"end":{"line":42,"column":33}},"29":{"start":{"line":44,"column":2},"end":{"line":51,"column":5}},"30":{"start":{"line":45,"column":4},"end":{"line":50,"column":7}},"31":{"start":{"line":46,"column":6},"end":{"line":46,"column":26}},"32":{"start":{"line":47,"column":6},"end":{"line":47,"column":40}},"33":{"start":{"line":48,"column":6},"end":{"line":48,"column":34}},"34":{"start":{"line":49,"column":6},"end":{"line":49,"column":23}},"35":{"start":{"line":53,"column":2},"end":{"line":58,"column":5}},"36":{"start":{"line":54,"column":4},"end":{"line":54,"column":24}},"37":{"start":{"line":55,"column":4},"end":{"line":55,"column":38}},"38":{"start":{"line":56,"column":4},"end":{"line":56,"column":32}},"39":{"start":{"line":57,"column":4},"end":{"line":57,"column":21}},"40":{"start":{"line":60,"column":2},"end":{"line":60,"column":45}},"41":{"start":{"line":61,"column":2},"end":{"line":61,"column":61}},"42":{"start":{"line":64,"column":29},"end":{"line":64,"column":39}}},"fnMap":{"0":{"name":"(anonymous_0)","decl":{"start":{"line":10,"column":18},"end":{"line":10,"column":19}},"loc":{"start":{"line":10,"column":65},"end":{"line":19,"column":1}}},"1":{"name":"(anonymous_1)","decl":{"start":{"line":11,"column":21},"end":{"line":11,"column":22}},"loc":{"start":{"line":11,"column":41},"end":{"line":18,"column":3}}},"2":{"name":"(anonymous_2)","decl":{"start":{"line":12,"column":26},"end":{"line":12,"column":27}},"loc":{"start":{"line":12,"column":42},"end":{"line":17,"column":5}}},"3":{"name":"(anonymous_3)","decl":{"start":{"line":21,"column":16},"end":{"line":21,"column":21}},"loc":{"start":{"line":21,"column":95},"end":{"line":36,"column":1}}},"4":{"name":"(anonymous_4)","decl":{"start":{"line":25,"column":51},"end":{"line":25,"column":52}},"loc":{"start":{"line":25,"column":57},"end":{"line":27,"column":3}}},"5":{"name":"(anonymous_5)","decl":{"start":{"line":26,"column":18},"end":{"line":26,"column":19}},"loc":{"start":{"line":26,"column":39},"end":{"line":26,"column":58}}},"6":{"name":"(anonymous_6)","decl":{"start":{"line":29,"column":59},"end":{"line":29,"column":60}},"loc":{"start":{"line":29,"column":73},"end":{"line":29,"column":89}}},"7":{"name":"(anonymous_7)","decl":{"start":{"line":38,"column":19},"end":{"line":38,"column":24}},"loc":{"start":{"line":38,"column":113},"end":{"line":62,"column":1}}},"8":{"name":"(anonymous_8)","decl":{"start":{"line":44,"column":29},"end":{"line":44,"column":30}},"loc":{"start":{"line":44,"column":35},"end":{"line":51,"column":3}}},"9":{"name":"(anonymous_9)","decl":{"start":{"line":45,"column":33},"end":{"line":45,"column":34}},"loc":{"start":{"line":45,"column":61},"end":{"line":50,"column":5}}},"10":{"name":"(anonymous_10)","decl":{"start":{"line":53,"column":42},"end":{"line":53,"column":43}},"loc":{"start":{"line":53,"column":70},"end":{"line":58,"column":3}}}},"branchMap":{"0":{"loc":{"start":{"line":13,"column":6},"end":{"line":15,"column":null}},"type":"if","locations":[{"start":{"line":13,"column":6},"end":{"line":15,"column":null}},{"start":{"line":13,"column":6},"end":{"line":15,"column":null}}]},"1":{"loc":{"start":{"line":26,"column":50},"end":{"line":26,"column":52}},"type":"cond-expr","locations":[{"start":{"line":26,"column":50},"end":{"line":26,"column":52}},{"start":{"line":26,"column":39},"end":{"line":26,"column":58}}]},"2":{"loc":{"start":{"line":26,"column":39},"end":{"line":26,"column":52}},"type":"binary-expr","locations":[{"start":{"line":26,"column":39},"end":{"line":26,"column":52}},{"start":{"line":26,"column":39},"end":{"line":26,"column":52}}]},"3":{"loc":{"start":{"line":29,"column":81},"end":{"line":29,"column":83}},"type":"cond-expr","locations":[{"start":{"line":29,"column":81},"end":{"line":29,"column":83}},{"start":{"line":29,"column":73},"end":{"line":29,"column":89}}]},"4":{"loc":{"start":{"line":29,"column":73},"end":{"line":29,"column":83}},"type":"binary-expr","locations":[{"start":{"line":29,"column":73},"end":{"line":29,"column":83}},{"start":{"line":29,"column":73},"end":{"line":29,"column":83}}]},"5":{"loc":{"start":{"line":31,"column":2},"end":{"line":33,"column":null}},"type":"if","locations":[{"start":{"line":31,"column":2},"end":{"line":33,"column":null}},{"start":{"line":31,"column":2},"end":{"line":33,"column":null}}]},"6":{"loc":{"start":{"line":31,"column":6},"end":{"line":31,"column":21}},"type":"binary-expr","locations":[{"start":{"line":31,"column":6},"end":{"line":31,"column":21}},{"start":{"line":31,"column":25},"end":{"line":31,"column":42}}]}},"s":{"0":1,"1":1,"2":1,"3":1,"4":1,"5":1,"6":4,"7":4,"8":4,"9":0,"10":4,"11":1,"12":1,"13":2,"14":2,"15":2,"16":3,"17":5,"18":2,"19":4,"20":2,"21":1,"22":1,"23":1,"24":1,"25":2,"26":2,"27":2,"28":2,"29":2,"30":4,"31":4,"32":4,"33":4,"34":4,"35":2,"36":2,"37":2,"38":2,"39":2,"40":2,"41":2,"42":1},"f":{"0":4,"1":4,"2":4,"3":2,"4":3,"5":5,"6":4,"7":2,"8":4,"9":4,"10":2},"b":{"0":[0,4],"1":[0,5],"2":[5,5],"3":[0,4],"4":[4,4],"5":[1,1],"6":[2,1]}}
}
