TN:
SF:src/index.ts
FN:16,(anonymous_0)
FNF:1
FNH:1
FNDA:2,(anonymous_0)
DA:1,1
DA:2,1
DA:16,1
DA:17,2
DA:18,2
DA:19,0
DA:22,2
DA:23,0
DA:26,2
DA:28,2
DA:29,1
DA:32,1
DA:33,1
DA:34,1
DA:39,1
DA:46,1
LF:16
LH:14
BRDA:17,0,0,1
BRDA:18,1,0,0
BRDA:18,1,1,2
BRDA:22,2,0,0
BRDA:22,2,1,2
BRDA:28,3,0,1
BRDA:28,3,1,1
BRF:7
BRH:5
end_of_record
TN:
SF:src/util.ts
FN:10,(anonymous_0)
FN:11,(anonymous_1)
FN:12,(anonymous_2)
FN:21,(anonymous_3)
FN:25,(anonymous_4)
FN:26,(anonymous_5)
FN:29,(anonymous_6)
FN:38,(anonymous_7)
FN:44,(anonymous_8)
FN:45,(anonymous_9)
FN:53,(anonymous_10)
FNF:11
FNH:11
FNDA:4,(anonymous_0)
FNDA:4,(anonymous_1)
FNDA:4,(anonymous_2)
FNDA:2,(anonymous_3)
FNDA:3,(anonymous_4)
FNDA:5,(anonymous_5)
FNDA:4,(anonymous_6)
FNDA:2,(anonymous_7)
FNDA:4,(anonymous_8)
FNDA:4,(anonymous_9)
FNDA:2,(anonymous_10)
DA:1,1
DA:2,1
DA:3,1
DA:4,1
DA:5,1
DA:10,1
DA:11,4
DA:12,4
DA:13,4
DA:14,0
DA:16,4
DA:21,1
DA:22,2
DA:23,2
DA:25,2
DA:26,5
DA:29,4
DA:31,2
DA:32,1
DA:35,1
DA:38,1
DA:39,2
DA:40,2
DA:41,2
DA:42,2
DA:44,2
DA:45,4
DA:46,4
DA:47,4
DA:48,4
DA:49,4
DA:53,2
DA:54,2
DA:55,2
DA:56,2
DA:57,2
DA:60,2
DA:61,2
DA:64,1
LF:39
LH:38
BRDA:13,0,0,0
BRDA:13,0,1,4
BRDA:26,1,0,0
BRDA:26,1,1,5
BRDA:26,2,0,5
BRDA:26,2,1,5
BRDA:29,3,0,0
BRDA:29,3,1,4
BRDA:29,4,0,4
BRDA:29,4,1,4
BRDA:31,5,0,1
BRDA:31,5,1,1
BRDA:31,6,0,2
BRDA:31,6,1,1
BRF:14
BRH:11
end_of_record
